<?xml version="1.0" encoding="UTF-8"?>
<!-- Generated by org.testng.reporters.JUnitReportReporter -->
<testsuite skipped="0" hostname="DESKTOP-I5FDIJE" name="Testngdemo1.NewTest" tests="1" failures="0" timestamp="14 Apr 2019 19:50:23 GMT" time="7.627" errors="0">
  <testcase name="loginwithvaliduser2" time="7.627" classname="Testngdemo1.NewTest"/>
</testsuite> <!-- Testngdemo1.NewTest -->
